<?xml version="1.0" encoding="UTF-8"?>
<testng-results skipped="0" failed="0" ignored="0" total="2" passed="2">
  <reporter-output>
  </reporter-output>
  <suite name="Suite" duration-ms="23500" started-at="2020-03-01T00:50:43 IST" finished-at="2020-03-01T00:51:07 IST">
    <groups>
    </groups>
    <test name="Test" duration-ms="23500" started-at="2020-03-01T00:50:43 IST" finished-at="2020-03-01T00:51:07 IST">
      <class name="com.emobility.testcases.LoginToPortal">
        <test-method status="PASS" signature="setUpSuite()[pri:0, instance:com.emobility.testcases.LoginToPortal@30b8a058]" name="setUpSuite" is-config="true" duration-ms="564" started-at="2020-03-01T00:50:43 IST" finished-at="2020-03-01T00:50:43 IST">
          <reporter-output>
          </reporter-output>
        </test-method> <!-- setUpSuite -->
        <test-method status="PASS" signature="setUp()[pri:0, instance:com.emobility.testcases.LoginToPortal@30b8a058]" name="setUp" is-config="true" duration-ms="7336" started-at="2020-03-01T00:50:43 IST" finished-at="2020-03-01T00:50:50 IST">
          <reporter-output>
          </reporter-output>
        </test-method> <!-- setUp -->
        <test-method status="PASS" signature="appLogin()[pri:0, instance:com.emobility.testcases.LoginToPortal@30b8a058]" name="appLogin" duration-ms="4870" started-at="2020-03-01T00:50:50 IST" finished-at="2020-03-01T00:50:55 IST">
          <reporter-output>
          </reporter-output>
        </test-method> <!-- appLogin -->
        <test-method status="PASS" signature="tearDownMethod(org.testng.ITestResult)[pri:0, instance:com.emobility.testcases.LoginToPortal@30b8a058]" name="tearDownMethod" is-config="true" duration-ms="4" started-at="2020-03-01T00:50:55 IST" finished-at="2020-03-01T00:50:55 IST">
          <params>
            <param index="0">
              <value>
                <![CDATA[[TestResult name=appLogin status=SUCCESS method=LoginToPortal.appLogin()[pri:0, instance:com.emobility.testcases.LoginToPortal@30b8a058] output={null}]]]>
              </value>
            </param>
          </params>
          <reporter-output>
          </reporter-output>
        </test-method> <!-- tearDownMethod -->
        <test-method status="PASS" signature="homePaage()[pri:1, instance:com.emobility.testcases.LoginToPortal@30b8a058]" name="homePaage" duration-ms="9807" started-at="2020-03-01T00:50:55 IST" finished-at="2020-03-01T00:51:05 IST">
          <reporter-output>
          </reporter-output>
        </test-method> <!-- homePaage -->
        <test-method status="PASS" signature="tearDownMethod(org.testng.ITestResult)[pri:0, instance:com.emobility.testcases.LoginToPortal@30b8a058]" name="tearDownMethod" is-config="true" duration-ms="0" started-at="2020-03-01T00:51:05 IST" finished-at="2020-03-01T00:51:05 IST">
          <params>
            <param index="0">
              <value>
                <![CDATA[[TestResult name=homePaage status=SUCCESS method=LoginToPortal.homePaage()[pri:1, instance:com.emobility.testcases.LoginToPortal@30b8a058] output={null}]]]>
              </value>
            </param>
          </params>
          <reporter-output>
          </reporter-output>
        </test-method> <!-- tearDownMethod -->
        <test-method status="PASS" signature="tearDown()[pri:0, instance:com.emobility.testcases.LoginToPortal@30b8a058]" name="tearDown" is-config="true" duration-ms="1415" started-at="2020-03-01T00:51:05 IST" finished-at="2020-03-01T00:51:07 IST">
          <reporter-output>
          </reporter-output>
        </test-method> <!-- tearDown -->
      </class> <!-- com.emobility.testcases.LoginToPortal -->
    </test> <!-- Test -->
  </suite> <!-- Suite -->
</testng-results>
