<?xml version="1.0" encoding="UTF-8"?>
<testsuite xmlns:xsi="http://www.w3.org/2001/XMLSchema-instance" xsi:noNamespaceSchemaLocation="https://maven.apache.org/surefire/maven-surefire-plugin/xsd/surefire-test-report-3.0.xsd" version="3.0" name="TestSuite" time="72.016" tests="13" errors="0" skipped="0" failures="2">
  <properties>
[...]
</properties>
  <testcase name="appLogin" classname="com.emobility.testcases.LoginToPortal" time="4.785"/>
  <testcase name="homePaage" classname="com.emobility.testcases.LoginToPortal" time="4.9"/>
  <testcase name="verifyFirstName" classname="com.emobility.testcases.LoginToPortal" time="0.392"/>
  <testcase name="createNewCustomer" classname="com.emobility.testcases.LoginToPortal" time="0"/>
  <testcase name="verifyLastName" classname="com.emobility.testcases.LoginToPortal" time="0.235"/>
  <testcase name="verifyCitytName" classname="com.emobility.testcases.LoginToPortal" time="0.191"/>
  <testcase name="verifyStreettName" classname="com.emobility.testcases.LoginToPortal" time="0.212"/>
  <testcase name="verifyHouseNumber" classname="com.emobility.testcases.LoginToPortal" time="0.197"/>
  <testcase name="eMailNotes" classname="com.emobility.testcases.LoginToPortal" time="0.274"/>
  <testcase name="verifyPhoneNumber" classname="com.emobility.testcases.LoginToPortal" time="0.093">
    <failure message="expected [Please enter the mobile number] but found [Please enter a valid country code]" type="java.lang.AssertionError"><![CDATA[java.lang.AssertionError: expected [Please enter the mobile number] but found [Please enter a valid country code]
	at com.emobility.testcases.LoginToPortal.verifyPhoneNumber(LoginToPortal.java:84)
]]></failure>
  </testcase>
  <testcase name="addNewCustomer" classname="com.emobility.testcases.LoginToPortal" time="50.222">
    <failure message="Expected condition failed: waiting for text (&apos;New customer created, please wait&apos;) to be present in element [[ChromeDriver: chrome on WINDOWS (77b4fd15b0004672419d64b0b22cd553)] -&gt; id: m_StatusCreateCustomer] (tried for 50 second(s) with 500 milliseconds interval)&#10;Build info: version: &apos;3.141.59&apos;, revision: &apos;e82be7d358&apos;, time: &apos;2018-11-14T08:17:03&apos;&#10;System info: host: &apos;DESKTOP-8MDILRI&apos;, ip: &apos;192.168.0.100&apos;, os.name: &apos;Windows 10&apos;, os.arch: &apos;amd64&apos;, os.version: &apos;10.0&apos;, java.version: &apos;11.0.8&apos;&#10;Driver info: org.openqa.selenium.chrome.ChromeDriver&#10;Capabilities {acceptInsecureCerts: false, browserName: chrome, browserVersion: 86.0.4240.183, chrome: {chromedriverVersion: 86.0.4240.22 (398b0743353ff..., userDataDir: C:\Users\WORK\AppData\Local...}, goog:chromeOptions: {debuggerAddress: localhost:59043}, javascriptEnabled: true, networkConnectionEnabled: false, pageLoadStrategy: normal, platform: WINDOWS, platformName: WINDOWS, proxy: Proxy(), setWindowRect: true, strictFileInteractability: false, timeouts: {implicit: 0, pageLoad: 300000, script: 30000}, unhandledPromptBehavior: dismiss and notify, webauthn:virtualAuthenticators: true}&#10;Session ID: 77b4fd15b0004672419d64b0b22cd553" type="org.openqa.selenium.TimeoutException"><![CDATA[org.openqa.selenium.TimeoutException: 
Expected condition failed: waiting for text ('New customer created, please wait') to be present in element [[ChromeDriver: chrome on WINDOWS (77b4fd15b0004672419d64b0b22cd553)] -> id: m_StatusCreateCustomer] (tried for 50 second(s) with 500 milliseconds interval)
Build info: version: '3.141.59', revision: 'e82be7d358', time: '2018-11-14T08:17:03'
System info: host: 'DESKTOP-8MDILRI', ip: '192.168.0.100', os.name: 'Windows 10', os.arch: 'amd64', os.version: '10.0', java.version: '11.0.8'
Driver info: org.openqa.selenium.chrome.ChromeDriver
Capabilities {acceptInsecureCerts: false, browserName: chrome, browserVersion: 86.0.4240.183, chrome: {chromedriverVersion: 86.0.4240.22 (398b0743353ff..., userDataDir: C:\Users\WORK\AppData\Local...}, goog:chromeOptions: {debuggerAddress: localhost:59043}, javascriptEnabled: true, networkConnectionEnabled: false, pageLoadStrategy: normal, platform: WINDOWS, platformName: WINDOWS, proxy: Proxy(), setWindowRect: true, strictFileInteractability: false, timeouts: {implicit: 0, pageLoad: 300000, script: 30000}, unhandledPromptBehavior: dismiss and notify, webauthn:virtualAuthenticators: true}
Session ID: 77b4fd15b0004672419d64b0b22cd553
	at com.emobility.testcases.LoginToPortal.addNewCustomer(LoginToPortal.java:100)
]]></failure>
    <system-out><![CDATA[Please enter a valid country code
]]></system-out>
  </testcase>
  <testcase name="addCountryCode" classname="com.emobility.testcases.LoginToPortal" time="0.164"/>
  <testcase name="search_Add_CustomerPage" classname="com.emobility.testcases.LoginToPortal" time="0.225"/>
</testsuite>