<?xml version="1.0" encoding="UTF-8"?>
<testng-results skipped="0" failed="0" ignored="0" total="2" passed="2">
  <reporter-output>
  </reporter-output>
  <suite name="Suite" duration-ms="131263" started-at="2020-03-05T18:15:55Z" finished-at="2020-03-05T18:18:06Z">
    <groups>
    </groups>
    <test name="Test" duration-ms="131263" started-at="2020-03-05T18:15:55Z" finished-at="2020-03-05T18:18:06Z">
      <class name="com.emobility.testcases.LoginToPortal">
        <test-method status="PASS" signature="setUpSuite()[pri:0, instance:com.emobility.testcases.LoginToPortal@709ba3fb]" name="setUpSuite" is-config="true" duration-ms="826" started-at="2020-03-05T18:15:54Z" finished-at="2020-03-05T18:15:55Z">
          <reporter-output>
          </reporter-output>
        </test-method> <!-- setUpSuite -->
        <test-method status="PASS" signature="setUp(java.lang.String, java.lang.String)[pri:0, instance:com.emobility.testcases.LoginToPortal@709ba3fb]" name="setUp" is-config="true" duration-ms="10803" started-at="2020-03-05T18:15:55Z" finished-at="2020-03-05T18:16:06Z">
          <params>
            <param index="0">
              <value>
                <![CDATA[Firefox]]>
              </value>
            </param>
            <param index="1">
              <value>
                <![CDATA[http://portalstandby.gnrgy.com/eMobilityPortal/Default.aspx]]>
              </value>
            </param>
          </params>
          <reporter-output>
          </reporter-output>
        </test-method> <!-- setUp -->
        <test-method status="PASS" signature="appLogin()[pri:0, instance:com.emobility.testcases.LoginToPortal@709ba3fb]" name="appLogin" duration-ms="5324" started-at="2020-03-05T18:16:06Z" finished-at="2020-03-05T18:16:11Z">
          <reporter-output>
          </reporter-output>
        </test-method> <!-- appLogin -->
        <test-method status="PASS" signature="tearDownMethod(org.testng.ITestResult)[pri:0, instance:com.emobility.testcases.LoginToPortal@709ba3fb]" name="tearDownMethod" is-config="true" duration-ms="2" started-at="2020-03-05T18:16:11Z" finished-at="2020-03-05T18:16:11Z">
          <params>
            <param index="0">
              <value>
                <![CDATA[[TestResult name=appLogin status=SUCCESS method=LoginToPortal.appLogin()[pri:0, instance:com.emobility.testcases.LoginToPortal@709ba3fb] output={null}]]]>
              </value>
            </param>
          </params>
          <reporter-output>
          </reporter-output>
        </test-method> <!-- tearDownMethod -->
        <test-method status="PASS" signature="homePaage()[pri:1, instance:com.emobility.testcases.LoginToPortal@709ba3fb]" name="homePaage" duration-ms="114249" started-at="2020-03-05T18:16:11Z" finished-at="2020-03-05T18:18:05Z">
          <reporter-output>
          </reporter-output>
        </test-method> <!-- homePaage -->
        <test-method status="PASS" signature="tearDownMethod(org.testng.ITestResult)[pri:0, instance:com.emobility.testcases.LoginToPortal@709ba3fb]" name="tearDownMethod" is-config="true" duration-ms="1" started-at="2020-03-05T18:18:05Z" finished-at="2020-03-05T18:18:05Z">
          <params>
            <param index="0">
              <value>
                <![CDATA[[TestResult name=homePaage status=SUCCESS method=LoginToPortal.homePaage()[pri:1, instance:com.emobility.testcases.LoginToPortal@709ba3fb] output={null}]]]>
              </value>
            </param>
          </params>
          <reporter-output>
          </reporter-output>
        </test-method> <!-- tearDownMethod -->
        <test-method status="PASS" signature="tearDown()[pri:0, instance:com.emobility.testcases.LoginToPortal@709ba3fb]" name="tearDown" is-config="true" duration-ms="847" started-at="2020-03-05T18:18:05Z" finished-at="2020-03-05T18:18:06Z">
          <reporter-output>
          </reporter-output>
        </test-method> <!-- tearDown -->
      </class> <!-- com.emobility.testcases.LoginToPortal -->
    </test> <!-- Test -->
  </suite> <!-- Suite -->
</testng-results>
