<?xml version="1.0" encoding="UTF-8"?>
<testng-results ignored="0" total="13" passed="11" failed="2" skipped="0">
  <reporter-output>
  </reporter-output>
  <suite started-at="2020-11-05T08:32:50Z" name="Suite" finished-at="2020-11-05T08:34:00Z" duration-ms="69918">
    <groups>
    </groups>
    <test started-at="2020-11-05T08:32:50Z" name="Test" finished-at="2020-11-05T08:34:00Z" duration-ms="69918">
      <class name="com.emobility.testcases.LoginToPortal">
        <test-method is-config="true" signature="setUpSuite()[pri:0, instance:com.emobility.testcases.LoginToPortal@1e81f160]" started-at="2020-11-05T08:32:50Z" name="setUpSuite" finished-at="2020-11-05T08:32:50Z" duration-ms="676" status="PASS">
          <reporter-output>
          </reporter-output>
        </test-method> <!-- setUpSuite -->
        <test-method is-config="true" signature="setUp(java.lang.String, java.lang.String)[pri:0, instance:com.emobility.testcases.LoginToPortal@1e81f160]" started-at="2020-11-05T08:32:50Z" name="setUp" finished-at="2020-11-05T08:32:58Z" duration-ms="7207" status="PASS">
          <params>
            <param index="0">
              <value>
                <![CDATA[Chrome]]>
              </value>
            </param>
            <param index="1">
              <value>
                <![CDATA[http://portalstandby.gnrgy.com/eMobilityPortal/Default.aspx]]>
              </value>
            </param>
          </params>
          <reporter-output>
          </reporter-output>
        </test-method> <!-- setUp -->
        <test-method signature="appLogin()[pri:0, instance:com.emobility.testcases.LoginToPortal@1e81f160]" started-at="2020-11-05T08:32:58Z" name="appLogin" finished-at="2020-11-05T08:33:02Z" duration-ms="4782" status="PASS">
          <reporter-output>
          </reporter-output>
        </test-method> <!-- appLogin -->
        <test-method is-config="true" signature="tearDownMethod(org.testng.ITestResult)[pri:0, instance:com.emobility.testcases.LoginToPortal@1e81f160]" started-at="2020-11-05T08:33:02Z" name="tearDownMethod" finished-at="2020-11-05T08:33:02Z" duration-ms="1" status="PASS">
          <params>
            <param index="0">
              <value>
                <![CDATA[[TestResult name=appLogin status=SUCCESS method=LoginToPortal.appLogin()[pri:0, instance:com.emobility.testcases.LoginToPortal@1e81f160] output={null}]]]>
              </value>
            </param>
          </params>
          <reporter-output>
          </reporter-output>
        </test-method> <!-- tearDownMethod -->
        <test-method signature="homePaage()[pri:1, instance:com.emobility.testcases.LoginToPortal@1e81f160]" started-at="2020-11-05T08:33:02Z" name="homePaage" finished-at="2020-11-05T08:33:07Z" duration-ms="4900" status="PASS">
          <reporter-output>
          </reporter-output>
        </test-method> <!-- homePaage -->
        <test-method is-config="true" signature="tearDownMethod(org.testng.ITestResult)[pri:0, instance:com.emobility.testcases.LoginToPortal@1e81f160]" started-at="2020-11-05T08:33:07Z" name="tearDownMethod" finished-at="2020-11-05T08:33:07Z" duration-ms="0" status="PASS">
          <params>
            <param index="0">
              <value>
                <![CDATA[[TestResult name=homePaage status=SUCCESS method=LoginToPortal.homePaage()[pri:1, instance:com.emobility.testcases.LoginToPortal@1e81f160] output={null}]]]>
              </value>
            </param>
          </params>
          <reporter-output>
          </reporter-output>
        </test-method> <!-- tearDownMethod -->
        <test-method signature="verifyFirstName()[pri:2, instance:com.emobility.testcases.LoginToPortal@1e81f160]" started-at="2020-11-05T08:33:07Z" name="verifyFirstName" finished-at="2020-11-05T08:33:08Z" duration-ms="393" status="PASS">
          <reporter-output>
          </reporter-output>
        </test-method> <!-- verifyFirstName -->
        <test-method is-config="true" signature="tearDownMethod(org.testng.ITestResult)[pri:0, instance:com.emobility.testcases.LoginToPortal@1e81f160]" started-at="2020-11-05T08:33:08Z" name="tearDownMethod" finished-at="2020-11-05T08:33:08Z" duration-ms="0" status="PASS">
          <params>
            <param index="0">
              <value>
                <![CDATA[[TestResult name=verifyFirstName status=SUCCESS method=LoginToPortal.verifyFirstName()[pri:2, instance:com.emobility.testcases.LoginToPortal@1e81f160] output={null}]]]>
              </value>
            </param>
          </params>
          <reporter-output>
          </reporter-output>
        </test-method> <!-- tearDownMethod -->
        <test-method signature="verifyLastName()[pri:3, instance:com.emobility.testcases.LoginToPortal@1e81f160]" started-at="2020-11-05T08:33:08Z" name="verifyLastName" finished-at="2020-11-05T08:33:08Z" duration-ms="237" status="PASS">
          <reporter-output>
          </reporter-output>
        </test-method> <!-- verifyLastName -->
        <test-method is-config="true" signature="tearDownMethod(org.testng.ITestResult)[pri:0, instance:com.emobility.testcases.LoginToPortal@1e81f160]" started-at="2020-11-05T08:33:08Z" name="tearDownMethod" finished-at="2020-11-05T08:33:08Z" duration-ms="0" status="PASS">
          <params>
            <param index="0">
              <value>
                <![CDATA[[TestResult name=createNewCustomer status=SUCCESS method=LoginToPortal.createNewCustomer()[pri:3, instance:com.emobility.testcases.LoginToPortal@1e81f160] output={null}]]]>
              </value>
            </param>
          </params>
          <reporter-output>
          </reporter-output>
        </test-method> <!-- tearDownMethod -->
        <test-method signature="createNewCustomer()[pri:3, instance:com.emobility.testcases.LoginToPortal@1e81f160]" started-at="2020-11-05T08:33:08Z" name="createNewCustomer" finished-at="2020-11-05T08:33:08Z" duration-ms="0" status="PASS">
          <reporter-output>
          </reporter-output>
        </test-method> <!-- createNewCustomer -->
        <test-method is-config="true" signature="tearDownMethod(org.testng.ITestResult)[pri:0, instance:com.emobility.testcases.LoginToPortal@1e81f160]" started-at="2020-11-05T08:33:08Z" name="tearDownMethod" finished-at="2020-11-05T08:33:08Z" duration-ms="0" status="PASS">
          <params>
            <param index="0">
              <value>
                <![CDATA[[TestResult name=verifyLastName status=SUCCESS method=LoginToPortal.verifyLastName()[pri:3, instance:com.emobility.testcases.LoginToPortal@1e81f160] output={null}]]]>
              </value>
            </param>
          </params>
          <reporter-output>
          </reporter-output>
        </test-method> <!-- tearDownMethod -->
        <test-method signature="verifyCitytName()[pri:4, instance:com.emobility.testcases.LoginToPortal@1e81f160]" started-at="2020-11-05T08:33:08Z" name="verifyCitytName" finished-at="2020-11-05T08:33:08Z" duration-ms="190" status="PASS">
          <reporter-output>
          </reporter-output>
        </test-method> <!-- verifyCitytName -->
        <test-method is-config="true" signature="tearDownMethod(org.testng.ITestResult)[pri:0, instance:com.emobility.testcases.LoginToPortal@1e81f160]" started-at="2020-11-05T08:33:08Z" name="tearDownMethod" finished-at="2020-11-05T08:33:08Z" duration-ms="0" status="PASS">
          <params>
            <param index="0">
              <value>
                <![CDATA[[TestResult name=verifyCitytName status=SUCCESS method=LoginToPortal.verifyCitytName()[pri:4, instance:com.emobility.testcases.LoginToPortal@1e81f160] output={null}]]]>
              </value>
            </param>
          </params>
          <reporter-output>
          </reporter-output>
        </test-method> <!-- tearDownMethod -->
        <test-method signature="verifyStreettName()[pri:5, instance:com.emobility.testcases.LoginToPortal@1e81f160]" started-at="2020-11-05T08:33:08Z" name="verifyStreettName" finished-at="2020-11-05T08:33:08Z" duration-ms="212" status="PASS">
          <reporter-output>
          </reporter-output>
        </test-method> <!-- verifyStreettName -->
        <test-method is-config="true" signature="tearDownMethod(org.testng.ITestResult)[pri:0, instance:com.emobility.testcases.LoginToPortal@1e81f160]" started-at="2020-11-05T08:33:08Z" name="tearDownMethod" finished-at="2020-11-05T08:33:08Z" duration-ms="0" status="PASS">
          <params>
            <param index="0">
              <value>
                <![CDATA[[TestResult name=verifyStreettName status=SUCCESS method=LoginToPortal.verifyStreettName()[pri:5, instance:com.emobility.testcases.LoginToPortal@1e81f160] output={null}]]]>
              </value>
            </param>
          </params>
          <reporter-output>
          </reporter-output>
        </test-method> <!-- tearDownMethod -->
        <test-method signature="verifyHouseNumber()[pri:6, instance:com.emobility.testcases.LoginToPortal@1e81f160]" started-at="2020-11-05T08:33:08Z" name="verifyHouseNumber" finished-at="2020-11-05T08:33:09Z" duration-ms="198" status="PASS">
          <reporter-output>
          </reporter-output>
        </test-method> <!-- verifyHouseNumber -->
        <test-method is-config="true" signature="tearDownMethod(org.testng.ITestResult)[pri:0, instance:com.emobility.testcases.LoginToPortal@1e81f160]" started-at="2020-11-05T08:33:09Z" name="tearDownMethod" finished-at="2020-11-05T08:33:09Z" duration-ms="0" status="PASS">
          <params>
            <param index="0">
              <value>
                <![CDATA[[TestResult name=verifyHouseNumber status=SUCCESS method=LoginToPortal.verifyHouseNumber()[pri:6, instance:com.emobility.testcases.LoginToPortal@1e81f160] output={null}]]]>
              </value>
            </param>
          </params>
          <reporter-output>
          </reporter-output>
        </test-method> <!-- tearDownMethod -->
        <test-method signature="eMailNotes()[pri:7, instance:com.emobility.testcases.LoginToPortal@1e81f160]" started-at="2020-11-05T08:33:09Z" name="eMailNotes" finished-at="2020-11-05T08:33:09Z" duration-ms="271" status="PASS">
          <reporter-output>
          </reporter-output>
        </test-method> <!-- eMailNotes -->
        <test-method is-config="true" signature="tearDownMethod(org.testng.ITestResult)[pri:0, instance:com.emobility.testcases.LoginToPortal@1e81f160]" started-at="2020-11-05T08:33:09Z" name="tearDownMethod" finished-at="2020-11-05T08:33:09Z" duration-ms="0" status="PASS">
          <params>
            <param index="0">
              <value>
                <![CDATA[[TestResult name=eMailNotes status=SUCCESS method=LoginToPortal.eMailNotes()[pri:7, instance:com.emobility.testcases.LoginToPortal@1e81f160] output={null}]]]>
              </value>
            </param>
          </params>
          <reporter-output>
          </reporter-output>
        </test-method> <!-- tearDownMethod -->
        <test-method signature="verifyPhoneNumber()[pri:8, instance:com.emobility.testcases.LoginToPortal@1e81f160]" started-at="2020-11-05T08:33:09Z" name="verifyPhoneNumber" finished-at="2020-11-05T08:33:09Z" duration-ms="88" status="FAIL">
          <exception class="java.lang.AssertionError">
            <message>
              <![CDATA[expected [Please enter the mobile number] but found [Please enter a valid country code]]]>
            </message>
            <full-stacktrace>
              <![CDATA[java.lang.AssertionError: expected [Please enter the mobile number] but found [Please enter a valid country code]
at org.testng.Assert.fail(Assert.java:96)
at org.testng.Assert.failNotEquals(Assert.java:776)
at org.testng.Assert.assertEqualsImpl(Assert.java:137)
at org.testng.Assert.assertEquals(Assert.java:118)
at org.testng.Assert.assertEquals(Assert.java:453)
at org.testng.Assert.assertEquals(Assert.java:463)
at com.emobility.pages.CRMNewSearchPage.PhoneNumber(CRMNewSearchPage.java:193)
at com.emobility.testcases.LoginToPortal.verifyPhoneNumber(LoginToPortal.java:84)
at java.base/jdk.internal.reflect.NativeMethodAccessorImpl.invoke0(Native Method)
at java.base/jdk.internal.reflect.NativeMethodAccessorImpl.invoke(NativeMethodAccessorImpl.java:62)
at java.base/jdk.internal.reflect.DelegatingMethodAccessorImpl.invoke(DelegatingMethodAccessorImpl.java:43)
at java.base/java.lang.reflect.Method.invoke(Method.java:566)
at org.testng.internal.MethodInvocationHelper.invokeMethod(MethodInvocationHelper.java:124)
at org.testng.internal.Invoker.invokeMethod(Invoker.java:583)
at org.testng.internal.Invoker.invokeTestMethod(Invoker.java:719)
at org.testng.internal.Invoker.invokeTestMethods(Invoker.java:989)
at org.testng.internal.TestMethodWorker.invokeTestMethods(TestMethodWorker.java:125)
at org.testng.internal.TestMethodWorker.run(TestMethodWorker.java:109)
at org.testng.TestRunner.privateRun(TestRunner.java:648)
at org.testng.TestRunner.run(TestRunner.java:505)
at org.testng.SuiteRunner.runTest(SuiteRunner.java:455)
at org.testng.SuiteRunner.runSequentially(SuiteRunner.java:450)
at org.testng.SuiteRunner.privateRun(SuiteRunner.java:415)
at org.testng.SuiteRunner.run(SuiteRunner.java:364)
at org.testng.SuiteRunnerWorker.runSuite(SuiteRunnerWorker.java:52)
at org.testng.SuiteRunnerWorker.run(SuiteRunnerWorker.java:84)
at org.testng.TestNG.runSuitesSequentially(TestNG.java:1208)
at org.testng.TestNG.runSuitesLocally(TestNG.java:1137)
at org.testng.TestNG.runSuites(TestNG.java:1049)
at org.testng.TestNG.run(TestNG.java:1017)
at org.apache.maven.surefire.testng.TestNGExecutor.run(TestNGExecutor.java:283)
at org.apache.maven.surefire.testng.TestNGXmlTestSuite.execute(TestNGXmlTestSuite.java:75)
at org.apache.maven.surefire.testng.TestNGProvider.invoke(TestNGProvider.java:120)
at org.apache.maven.surefire.booter.ForkedBooter.runSuitesInProcess(ForkedBooter.java:377)
at org.apache.maven.surefire.booter.ForkedBooter.execute(ForkedBooter.java:138)
at org.apache.maven.surefire.booter.ForkedBooter.run(ForkedBooter.java:465)
at org.apache.maven.surefire.booter.ForkedBooter.main(ForkedBooter.java:451)
]]>
            </full-stacktrace>
          </exception> <!-- java.lang.AssertionError -->
          <reporter-output>
          </reporter-output>
        </test-method> <!-- verifyPhoneNumber -->
        <test-method is-config="true" signature="tearDownMethod(org.testng.ITestResult)[pri:0, instance:com.emobility.testcases.LoginToPortal@1e81f160]" started-at="2020-11-05T08:33:09Z" name="tearDownMethod" finished-at="2020-11-05T08:33:09Z" duration-ms="382" status="PASS">
          <params>
            <param index="0">
              <value>
                <![CDATA[[TestResult name=verifyPhoneNumber status=FAILURE method=LoginToPortal.verifyPhoneNumber()[pri:8, instance:com.emobility.testcases.LoginToPortal@1e81f160] output={null}]]]>
              </value>
            </param>
          </params>
          <reporter-output>
          </reporter-output>
        </test-method> <!-- tearDownMethod -->
        <test-method signature="addNewCustomer()[pri:9, instance:com.emobility.testcases.LoginToPortal@1e81f160]" started-at="2020-11-05T08:33:09Z" name="addNewCustomer" finished-at="2020-11-05T08:34:00Z" duration-ms="50220" status="FAIL">
          <exception class="org.openqa.selenium.TimeoutException">
            <message>
              <![CDATA[Expected condition failed: waiting for text ('New customer created, please wait') to be present in element [[ChromeDriver: chrome on WINDOWS (77b4fd15b0004672419d64b0b22cd553)] -> id: m_StatusCreateCustomer] (tried for 50 second(s) with 500 milliseconds interval)
Build info: version: '3.141.59', revision: 'e82be7d358', time: '2018-11-14T08:17:03'
System info: host: 'DESKTOP-8MDILRI', ip: '192.168.0.100', os.name: 'Windows 10', os.arch: 'amd64', os.version: '10.0', java.version: '11.0.8'
Driver info: org.openqa.selenium.chrome.ChromeDriver
Capabilities {acceptInsecureCerts: false, browserName: chrome, browserVersion: 86.0.4240.183, chrome: {chromedriverVersion: 86.0.4240.22 (398b0743353ff..., userDataDir: C:\Users\WORK\AppData\Local...}, goog:chromeOptions: {debuggerAddress: localhost:59043}, javascriptEnabled: true, networkConnectionEnabled: false, pageLoadStrategy: normal, platform: WINDOWS, platformName: WINDOWS, proxy: Proxy(), setWindowRect: true, strictFileInteractability: false, timeouts: {implicit: 0, pageLoad: 300000, script: 30000}, unhandledPromptBehavior: dismiss and notify, webauthn:virtualAuthenticators: true}
Session ID: 77b4fd15b0004672419d64b0b22cd553]]>
            </message>
            <full-stacktrace>
              <![CDATA[org.openqa.selenium.TimeoutException: Expected condition failed: waiting for text ('New customer created, please wait') to be present in element [[ChromeDriver: chrome on WINDOWS (77b4fd15b0004672419d64b0b22cd553)] -> id: m_StatusCreateCustomer] (tried for 50 second(s) with 500 milliseconds interval)
Build info: version: '3.141.59', revision: 'e82be7d358', time: '2018-11-14T08:17:03'
System info: host: 'DESKTOP-8MDILRI', ip: '192.168.0.100', os.name: 'Windows 10', os.arch: 'amd64', os.version: '10.0', java.version: '11.0.8'
Driver info: org.openqa.selenium.chrome.ChromeDriver
Capabilities {acceptInsecureCerts: false, browserName: chrome, browserVersion: 86.0.4240.183, chrome: {chromedriverVersion: 86.0.4240.22 (398b0743353ff..., userDataDir: C:\Users\WORK\AppData\Local...}, goog:chromeOptions: {debuggerAddress: localhost:59043}, javascriptEnabled: true, networkConnectionEnabled: false, pageLoadStrategy: normal, platform: WINDOWS, platformName: WINDOWS, proxy: Proxy(), setWindowRect: true, strictFileInteractability: false, timeouts: {implicit: 0, pageLoad: 300000, script: 30000}, unhandledPromptBehavior: dismiss and notify, webauthn:virtualAuthenticators: true}
Session ID: 77b4fd15b0004672419d64b0b22cd553
at org.openqa.selenium.support.ui.WebDriverWait.timeoutException(WebDriverWait.java:95)
at org.openqa.selenium.support.ui.FluentWait.until(FluentWait.java:272)
at com.emobility.pages.CRMNewSearchPage.createNewCustomer(CRMNewSearchPage.java:112)
at com.emobility.testcases.LoginToPortal.addNewCustomer(LoginToPortal.java:100)
at java.base/jdk.internal.reflect.NativeMethodAccessorImpl.invoke0(Native Method)
at java.base/jdk.internal.reflect.NativeMethodAccessorImpl.invoke(NativeMethodAccessorImpl.java:62)
at java.base/jdk.internal.reflect.DelegatingMethodAccessorImpl.invoke(DelegatingMethodAccessorImpl.java:43)
at java.base/java.lang.reflect.Method.invoke(Method.java:566)
at org.testng.internal.MethodInvocationHelper.invokeMethod(MethodInvocationHelper.java:124)
at org.testng.internal.Invoker.invokeMethod(Invoker.java:583)
at org.testng.internal.Invoker.invokeTestMethod(Invoker.java:719)
at org.testng.internal.Invoker.invokeTestMethods(Invoker.java:989)
at org.testng.internal.TestMethodWorker.invokeTestMethods(TestMethodWorker.java:125)
at org.testng.internal.TestMethodWorker.run(TestMethodWorker.java:109)
at org.testng.TestRunner.privateRun(TestRunner.java:648)
at org.testng.TestRunner.run(TestRunner.java:505)
at org.testng.SuiteRunner.runTest(SuiteRunner.java:455)
at org.testng.SuiteRunner.runSequentially(SuiteRunner.java:450)
at org.testng.SuiteRunner.privateRun(SuiteRunner.java:415)
at org.testng.SuiteRunner.run(SuiteRunner.java:364)
at org.testng.SuiteRunnerWorker.runSuite(SuiteRunnerWorker.java:52)
at org.testng.SuiteRunnerWorker.run(SuiteRunnerWorker.java:84)
at org.testng.TestNG.runSuitesSequentially(TestNG.java:1208)
at org.testng.TestNG.runSuitesLocally(TestNG.java:1137)
at org.testng.TestNG.runSuites(TestNG.java:1049)
at org.testng.TestNG.run(TestNG.java:1017)
at org.apache.maven.surefire.testng.TestNGExecutor.run(TestNGExecutor.java:283)
at org.apache.maven.surefire.testng.TestNGXmlTestSuite.execute(TestNGXmlTestSuite.java:75)
at org.apache.maven.surefire.testng.TestNGProvider.invoke(TestNGProvider.java:120)
at org.apache.maven.surefire.booter.ForkedBooter.runSuitesInProcess(ForkedBooter.java:377)
at org.apache.maven.surefire.booter.ForkedBooter.execute(ForkedBooter.java:138)
at org.apache.maven.surefire.booter.ForkedBooter.run(ForkedBooter.java:465)
at org.apache.maven.surefire.booter.ForkedBooter.main(ForkedBooter.java:451)
]]>
            </full-stacktrace>
          </exception> <!-- org.openqa.selenium.TimeoutException -->
          <reporter-output>
          </reporter-output>
        </test-method> <!-- addNewCustomer -->
        <test-method is-config="true" signature="tearDownMethod(org.testng.ITestResult)[pri:0, instance:com.emobility.testcases.LoginToPortal@1e81f160]" started-at="2020-11-05T08:34:00Z" name="tearDownMethod" finished-at="2020-11-05T08:34:00Z" duration-ms="408" status="PASS">
          <params>
            <param index="0">
              <value>
                <![CDATA[[TestResult name=addNewCustomer status=FAILURE method=LoginToPortal.addNewCustomer()[pri:9, instance:com.emobility.testcases.LoginToPortal@1e81f160] output={null}]]]>
              </value>
            </param>
          </params>
          <reporter-output>
          </reporter-output>
        </test-method> <!-- tearDownMethod -->
        <test-method signature="addCountryCode()[pri:10, instance:com.emobility.testcases.LoginToPortal@1e81f160]" started-at="2020-11-05T08:34:00Z" name="addCountryCode" finished-at="2020-11-05T08:34:00Z" duration-ms="162" status="PASS">
          <reporter-output>
          </reporter-output>
        </test-method> <!-- addCountryCode -->
        <test-method is-config="true" signature="tearDownMethod(org.testng.ITestResult)[pri:0, instance:com.emobility.testcases.LoginToPortal@1e81f160]" started-at="2020-11-05T08:34:00Z" name="tearDownMethod" finished-at="2020-11-05T08:34:00Z" duration-ms="0" status="PASS">
          <params>
            <param index="0">
              <value>
                <![CDATA[[TestResult name=addCountryCode status=SUCCESS method=LoginToPortal.addCountryCode()[pri:10, instance:com.emobility.testcases.LoginToPortal@1e81f160] output={null}]]]>
              </value>
            </param>
          </params>
          <reporter-output>
          </reporter-output>
        </test-method> <!-- tearDownMethod -->
        <test-method signature="search_Add_CustomerPage()[pri:11, instance:com.emobility.testcases.LoginToPortal@1e81f160]" started-at="2020-11-05T08:34:00Z" name="search_Add_CustomerPage" finished-at="2020-11-05T08:34:00Z" duration-ms="224" status="PASS">
          <reporter-output>
          </reporter-output>
        </test-method> <!-- search_Add_CustomerPage -->
        <test-method is-config="true" signature="tearDownMethod(org.testng.ITestResult)[pri:0, instance:com.emobility.testcases.LoginToPortal@1e81f160]" started-at="2020-11-05T08:34:00Z" name="tearDownMethod" finished-at="2020-11-05T08:34:00Z" duration-ms="1" status="PASS">
          <params>
            <param index="0">
              <value>
                <![CDATA[[TestResult name=search_Add_CustomerPage status=SUCCESS method=LoginToPortal.search_Add_CustomerPage()[pri:11, instance:com.emobility.testcases.LoginToPortal@1e81f160] output={null}]]]>
              </value>
            </param>
          </params>
          <reporter-output>
          </reporter-output>
        </test-method> <!-- tearDownMethod -->
      </class> <!-- com.emobility.testcases.LoginToPortal -->
    </test> <!-- Test -->
  </suite> <!-- Suite -->
</testng-results>
